2025-04-22 08:21:55,395 DEBUG Initializing HTTP session.
2025-04-22 08:21:55,398 DEBUG Starting new HTTPS connection (1): api.bybit.com:443
2025-04-22 08:21:55,754 DEBUG https://api.bybit.com:443 "GET /v5/market/tickers?category=linear&symbol=MANAUSDT HTTP/1.1" 200 722
2025-04-22 08:21:56,345 DEBUG https://api.bybit.com:443 "GET /v5/account/wallet-balance?accountType=UNIFIED&coin=USDT HTTP/1.1" 200 803
2025-04-22 08:21:56,949 DEBUG https://api.bybit.com:443 "POST /v5/order/create HTTP/1.1" 200 141
2025-04-22 08:21:57,191 DEBUG https://api.bybit.com:443 "GET /v5/position/list?category=linear&symbol=MANAUSDT HTTP/1.1" 200 787
2025-04-22 08:21:57,766 DEBUG https://api.bybit.com:443 "POST /v5/position/set-leverage HTTP/1.1" 200 76
2025-04-22 08:21:58,338 DEBUG https://api.bybit.com:443 "GET /v5/order/realtime?category=linear&symbol=MANAUSDT HTTP/1.1" 200 None
2025-04-23 10:08:24,382 DEBUG Initializing HTTP session.
2025-04-23 10:08:24,384 DEBUG Starting new HTTPS connection (1): api.bybit.com:443
2025-04-23 10:08:24,572 DEBUG https://api.bybit.com:443 "GET /v5/market/tickers?category=linear&symbol=DOTUSDT HTTP/1.1" 200 711
2025-04-23 10:08:24,756 DEBUG https://api.bybit.com:443 "GET /v5/account/wallet-balance?accountType=UNIFIED&coin=USDT HTTP/1.1" 200 870
2025-04-23 10:08:24,935 DEBUG https://api.bybit.com:443 "POST /v5/order/create HTTP/1.1" 200 141
2025-04-23 10:08:25,127 DEBUG https://api.bybit.com:443 "GET /v5/order/realtime?category=linear&symbol=DOTUSDT HTTP/1.1" 200 125
2025-04-26 11:53:20,485 DEBUG Initializing HTTP session.
2025-04-26 11:53:20,488 DEBUG Starting new HTTPS connection (1): api.bybit.com:443
2025-04-26 11:53:20,697 DEBUG https://api.bybit.com:443 "GET /v5/market/tickers?category=linear&symbol=AAVEUSDT HTTP/1.1" 200 716
2025-04-26 11:53:20,895 DEBUG https://api.bybit.com:443 "GET /v5/account/wallet-balance?accountType=UNIFIED&coin=USDT HTTP/1.1" 200 884
2025-04-26 11:53:21,102 DEBUG https://api.bybit.com:443 "POST /v5/order/create HTTP/1.1" 200 141
2025-04-26 11:53:21,300 DEBUG https://api.bybit.com:443 "GET /v5/position/list?category=linear&symbol=AAVEUSDT HTTP/1.1" 200 787
2025-04-26 11:53:21,483 DEBUG https://api.bybit.com:443 "GET /v5/order/realtime?category=linear&symbol=AAVEUSDT HTTP/1.1" 200 None
2025-04-28 13:37:50,078 DEBUG Initializing HTTP session.
2025-04-28 13:37:50,081 DEBUG Starting new HTTPS connection (1): api.bybit.com:443
2025-04-28 13:37:50,270 DEBUG https://api.bybit.com:443 "GET /v5/market/tickers?category=linear&symbol=AVAXUSDT HTTP/1.1" 200 714
2025-04-28 13:37:50,480 DEBUG https://api.bybit.com:443 "GET /v5/account/wallet-balance?accountType=UNIFIED&coin=USDT HTTP/1.1" 200 803
2025-04-28 13:37:50,664 DEBUG https://api.bybit.com:443 "POST /v5/order/create HTTP/1.1" 200 141
2025-04-28 13:37:50,838 DEBUG https://api.bybit.com:443 "GET /v5/position/list?category=linear&symbol=AVAXUSDT HTTP/1.1" 200 796
2025-04-28 13:37:51,333 DEBUG https://api.bybit.com:443 "GET /v5/order/realtime?category=linear&symbol=AVAXUSDT HTTP/1.1" 200 1119
2025-04-29 06:25:58,066 DEBUG Initializing HTTP session.
2025-04-29 06:25:58,068 DEBUG Starting new HTTPS connection (1): api.bybit.com:443
2025-04-29 06:25:58,289 DEBUG https://api.bybit.com:443 "GET /v5/market/tickers?category=linear&symbol=AVAXUSDT HTTP/1.1" 200 711
2025-04-29 06:25:58,453 DEBUG https://api.bybit.com:443 "GET /v5/account/wallet-balance?accountType=UNIFIED&coin=USDT HTTP/1.1" 200 803
2025-04-29 06:25:58,626 DEBUG https://api.bybit.com:443 "POST /v5/order/create HTTP/1.1" 200 141
2025-04-29 06:25:58,790 DEBUG https://api.bybit.com:443 "GET /v5/position/list?category=linear&symbol=AVAXUSDT HTTP/1.1" 200 861
2025-04-29 06:25:58,977 DEBUG https://api.bybit.com:443 "GET /v5/order/realtime?category=linear&symbol=AVAXUSDT HTTP/1.1" 200 None
2025-04-30 08:21:07,838 DEBUG Initializing HTTP session.
2025-04-30 08:21:07,840 DEBUG Starting new HTTPS connection (1): api.bybit.com:443
2025-04-30 08:21:08,030 DEBUG https://api.bybit.com:443 "GET /v5/market/tickers?category=linear&symbol=DOTUSDT HTTP/1.1" 200 714
2025-04-30 08:21:08,208 DEBUG https://api.bybit.com:443 "GET /v5/account/wallet-balance?accountType=UNIFIED&coin=USDT HTTP/1.1" 200 870
2025-04-30 08:21:08,386 DEBUG https://api.bybit.com:443 "POST /v5/order/create HTTP/1.1" 200 141
2025-04-30 08:21:08,552 DEBUG https://api.bybit.com:443 "GET /v5/position/list?category=linear&symbol=DOTUSDT HTTP/1.1" 200 794
2025-04-30 08:21:08,718 DEBUG https://api.bybit.com:443 "POST /v5/position/set-leverage HTTP/1.1" 200 76
2025-04-30 08:21:08,895 DEBUG https://api.bybit.com:443 "GET /v5/order/realtime?category=linear&symbol=DOTUSDT HTTP/1.1" 200 1116
2025-05-04 08:39:19,768 DEBUG Initializing HTTP session.
2025-05-04 08:39:19,770 DEBUG Starting new HTTPS connection (1): api.bybit.com:443
2025-05-04 08:39:19,958 DEBUG https://api.bybit.com:443 "GET /v5/market/tickers?category=linear&symbol=HBARUSDT HTTP/1.1" 200 724
2025-05-04 08:39:20,134 DEBUG https://api.bybit.com:443 "GET /v5/account/wallet-balance?accountType=UNIFIED&coin=USDT HTTP/1.1" 200 803
2025-05-04 08:39:20,314 DEBUG https://api.bybit.com:443 "POST /v5/order/create HTTP/1.1" 200 141
2025-05-04 08:39:20,486 DEBUG https://api.bybit.com:443 "GET /v5/position/list?category=linear&symbol=HBARUSDT HTTP/1.1" 200 798
2025-05-04 08:39:20,658 DEBUG https://api.bybit.com:443 "GET /v5/order/realtime?category=linear&symbol=HBARUSDT HTTP/1.1" 200 1124
2025-05-05 10:41:41,350 DEBUG Initializing HTTP session.
2025-05-05 10:41:41,352 DEBUG Starting new HTTPS connection (1): api.bybit.com:443
2025-05-05 10:41:41,832 DEBUG https://api.bybit.com:443 "GET /v5/market/tickers?category=linear&symbol=ATOMUSDT HTTP/1.1" 200 712
2025-05-05 10:41:42,017 DEBUG https://api.bybit.com:443 "GET /v5/account/wallet-balance?accountType=UNIFIED&coin=USDT HTTP/1.1" 200 802
2025-05-05 10:41:42,208 DEBUG https://api.bybit.com:443 "POST /v5/order/create HTTP/1.1" 200 141
2025-05-05 10:41:42,389 DEBUG https://api.bybit.com:443 "GET /v5/position/list?category=linear&symbol=ATOMUSDT HTTP/1.1" 200 852
2025-05-05 10:41:42,878 DEBUG https://api.bybit.com:443 "POST /v5/position/set-leverage HTTP/1.1" 200 76
2025-05-05 10:41:43,401 DEBUG https://api.bybit.com:443 "GET /v5/order/realtime?category=linear&symbol=ATOMUSDT HTTP/1.1" 200 2013
2025-05-07 18:34:36,597 DEBUG Initializing HTTP session.
2025-05-07 18:34:36,599 DEBUG Starting new HTTPS connection (1): api.bybit.com:443
2025-05-07 18:34:36,790 DEBUG https://api.bybit.com:443 "GET /v5/market/tickers?category=linear&symbol=AVAXUSDT HTTP/1.1" 200 716
2025-05-07 18:34:36,971 DEBUG https://api.bybit.com:443 "GET /v5/account/wallet-balance?accountType=UNIFIED&coin=USDT HTTP/1.1" 200 803
2025-05-07 18:34:37,176 DEBUG https://api.bybit.com:443 "POST /v5/order/create HTTP/1.1" 200 139
2025-05-07 18:44:06,516 DEBUG Initializing HTTP session.
2025-05-07 18:44:06,519 DEBUG Starting new HTTPS connection (1): api.bybit.com:443
2025-05-07 18:44:06,702 DEBUG https://api.bybit.com:443 "GET /v5/market/tickers?category=linear&symbol=AVAXUSDT HTTP/1.1" 200 716
2025-05-07 18:44:06,900 DEBUG https://api.bybit.com:443 "GET /v5/account/wallet-balance?accountType=UNIFIED&coin=USDT HTTP/1.1" 200 870
2025-05-07 18:44:07,097 DEBUG https://api.bybit.com:443 "POST /v5/order/create HTTP/1.1" 200 141
2025-05-07 18:44:07,593 DEBUG https://api.bybit.com:443 "GET /v5/position/list?category=linear&symbol=AVAXUSDT HTTP/1.1" 200 875
2025-05-07 18:44:08,126 DEBUG https://api.bybit.com:443 "GET /v5/order/realtime?category=linear&symbol=AVAXUSDT HTTP/1.1" 200 2890
2025-05-08 20:43:28,189 DEBUG Initializing HTTP session.
2025-05-08 20:43:28,192 DEBUG Starting new HTTPS connection (1): api.bybit.com:443
2025-05-08 20:43:28,384 DEBUG https://api.bybit.com:443 "GET /v5/market/tickers?category=linear&symbol=AVAXUSDT HTTP/1.1" 200 710
2025-05-08 20:43:28,563 DEBUG https://api.bybit.com:443 "GET /v5/account/wallet-balance?accountType=UNIFIED&coin=USDT HTTP/1.1" 200 797
2025-05-08 20:43:28,753 DEBUG https://api.bybit.com:443 "POST /v5/order/create HTTP/1.1" 200 141
2025-05-08 20:43:29,300 DEBUG https://api.bybit.com:443 "GET /v5/position/list?category=linear&symbol=AVAXUSDT HTTP/1.1" 200 799
2025-05-08 20:43:29,771 DEBUG https://api.bybit.com:443 "GET /v5/order/realtime?category=linear&symbol=AVAXUSDT HTTP/1.1" 200 1112
2025-05-11 10:27:52,152 DEBUG Initializing HTTP session.
2025-05-11 10:27:52,155 DEBUG Starting new HTTPS connection (1): api.bybit.com:443
2025-05-11 10:27:52,343 DEBUG https://api.bybit.com:443 "GET /v5/market/tickers?category=linear&symbol=ATOMUSDT HTTP/1.1" 200 706
2025-05-11 10:27:52,529 DEBUG https://api.bybit.com:443 "GET /v5/account/wallet-balance?accountType=UNIFIED&coin=USDT HTTP/1.1" 200 800
2025-05-11 10:27:52,709 DEBUG https://api.bybit.com:443 "POST /v5/order/create HTTP/1.1" 200 141
2025-05-11 10:27:52,891 DEBUG https://api.bybit.com:443 "GET /v5/position/list?category=linear&symbol=ATOMUSDT HTTP/1.1" 200 793
2025-05-11 10:27:53,089 DEBUG https://api.bybit.com:443 "GET /v5/order/realtime?category=linear&symbol=ATOMUSDT HTTP/1.1" 200 1113
2025-05-13 12:10:16,183 DEBUG Initializing HTTP session.
2025-05-13 12:10:16,185 DEBUG Starting new HTTPS connection (1): api.bybit.com:443
2025-05-13 12:10:16,426 DEBUG https://api.bybit.com:443 "GET /v5/market/tickers?category=linear&symbol=DOTUSDT HTTP/1.1" 200 714
2025-05-13 12:10:16,634 DEBUG https://api.bybit.com:443 "GET /v5/account/wallet-balance?accountType=UNIFIED&coin=USDT HTTP/1.1" 200 803
2025-05-13 12:10:16,853 DEBUG https://api.bybit.com:443 "POST /v5/order/create HTTP/1.1" 200 141
2025-05-13 12:10:17,054 DEBUG https://api.bybit.com:443 "GET /v5/position/list?category=linear&symbol=DOTUSDT HTTP/1.1" 200 859
2025-05-13 12:10:17,252 DEBUG https://api.bybit.com:443 "GET /v5/order/realtime?category=linear&symbol=DOTUSDT HTTP/1.1" 200 None
2025-05-15 07:20:38,528 DEBUG Initializing HTTP session.
2025-05-15 07:20:38,532 DEBUG Starting new HTTPS connection (1): api.bybit.com:443
2025-05-15 07:20:38,778 DEBUG https://api.bybit.com:443 "GET /v5/market/tickers?category=linear&symbol=SUIUSDT HTTP/1.1" 200 727
2025-05-15 07:20:38,979 DEBUG https://api.bybit.com:443 "GET /v5/account/wallet-balance?accountType=UNIFIED&coin=USDT HTTP/1.1" 200 790
2025-05-15 07:20:39,182 DEBUG https://api.bybit.com:443 "POST /v5/order/create HTTP/1.1" 200 131
2025-05-16 20:37:47,585 DEBUG Initializing HTTP session.
2025-05-16 20:37:47,588 DEBUG Starting new HTTPS connection (1): api.bybit.com:443
2025-05-16 20:37:47,768 DEBUG https://api.bybit.com:443 "GET /v5/market/tickers?category=linear&symbol=XRPUSDT HTTP/1.1" 200 715
2025-05-16 20:37:47,951 DEBUG https://api.bybit.com:443 "GET /v5/account/wallet-balance?accountType=UNIFIED&coin=USDT HTTP/1.1" 200 790
2025-05-16 20:37:48,184 DEBUG https://api.bybit.com:443 "POST /v5/order/create HTTP/1.1" 200 131
2025-05-17 13:11:15,859 DEBUG Initializing HTTP session.
2025-05-17 13:11:15,861 DEBUG Starting new HTTPS connection (1): api.bybit.com:443
2025-05-17 13:11:16,068 DEBUG https://api.bybit.com:443 "GET /v5/market/tickers?category=linear&symbol=ATOMUSDT HTTP/1.1" 200 711
2025-05-17 13:11:16,253 DEBUG https://api.bybit.com:443 "GET /v5/account/wallet-balance?accountType=UNIFIED&coin=USDT HTTP/1.1" 200 787
2025-05-17 13:11:16,452 DEBUG https://api.bybit.com:443 "POST /v5/order/create HTTP/1.1" 200 131
2025-05-19 10:07:18,048 DEBUG Initializing HTTP session.
2025-05-19 10:07:18,050 DEBUG Starting new HTTPS connection (1): api.bybit.com:443
2025-05-19 10:07:18,245 DEBUG https://api.bybit.com:443 "GET /v5/market/tickers?category=linear&symbol=ATOMUSDT HTTP/1.1" 200 708
2025-05-19 10:07:18,754 DEBUG https://api.bybit.com:443 "GET /v5/account/wallet-balance?accountType=UNIFIED&coin=USDT HTTP/1.1" 200 811
2025-05-19 10:07:18,960 DEBUG https://api.bybit.com:443 "POST /v5/order/create HTTP/1.1" 200 141
2025-05-19 10:07:19,154 DEBUG https://api.bybit.com:443 "GET /v5/position/list?category=linear&symbol=ATOMUSDT HTTP/1.1" 200 856
2025-05-19 10:07:19,343 DEBUG https://api.bybit.com:443 "GET /v5/order/realtime?category=linear&symbol=ATOMUSDT HTTP/1.1" 200 2014
2025-05-24 13:08:24,065 DEBUG Initializing HTTP session.
2025-05-24 13:08:24,068 DEBUG Starting new HTTPS connection (1): api.bybit.com:443
2025-05-24 13:08:24,257 DEBUG https://api.bybit.com:443 "GET /v5/market/tickers?category=linear&symbol=DOTUSDT HTTP/1.1" 200 712
2025-05-24 13:08:24,781 DEBUG https://api.bybit.com:443 "GET /v5/account/wallet-balance?accountType=UNIFIED&coin=USDT HTTP/1.1" 200 790
2025-05-24 13:08:24,977 DEBUG https://api.bybit.com:443 "POST /v5/order/create HTTP/1.1" 200 131
2025-06-08 08:53:29,899 DEBUG Initializing HTTP session.
2025-06-08 08:53:29,901 DEBUG Starting new HTTPS connection (1): api.bybit.com:443
2025-06-08 08:53:30,075 DEBUG https://api.bybit.com:443 "GET /v5/market/tickers?category=linear&symbol=COTIUSDT HTTP/1.1" 200 717
2025-06-08 08:53:30,268 DEBUG https://api.bybit.com:443 "GET /v5/account/wallet-balance?accountType=UNIFIED&coin=USDT HTTP/1.1" 200 791
2025-06-08 08:53:30,475 DEBUG https://api.bybit.com:443 "POST /v5/order/create HTTP/1.1" 200 131
2025-06-09 11:27:02,684 DEBUG Initializing HTTP session.
2025-06-09 11:27:02,687 DEBUG Starting new HTTPS connection (1): api.bybit.com:443
2025-06-09 11:27:02,855 DEBUG https://api.bybit.com:443 "GET /v5/market/tickers?category=linear&symbol=HBARUSDT HTTP/1.1" 200 727
2025-06-09 11:27:03,060 DEBUG https://api.bybit.com:443 "GET /v5/account/wallet-balance?accountType=UNIFIED&coin=USDT HTTP/1.1" 200 791
2025-06-09 11:27:03,261 DEBUG https://api.bybit.com:443 "POST /v5/order/create HTTP/1.1" 200 131
2025-06-11 20:20:02,429 DEBUG Initializing HTTP session.
2025-06-11 20:20:02,433 DEBUG Starting new HTTPS connection (1): api.bybit.com:443
2025-06-11 20:20:02,621 DEBUG https://api.bybit.com:443 "GET /v5/market/tickers?category=linear&symbol=AVAXUSDT HTTP/1.1" 200 713
2025-06-11 20:20:02,803 DEBUG https://api.bybit.com:443 "GET /v5/account/wallet-balance?accountType=UNIFIED&coin=USDT HTTP/1.1" 200 791
2025-06-11 20:20:02,997 DEBUG https://api.bybit.com:443 "POST /v5/order/create HTTP/1.1" 200 131
2025-06-13 20:41:45,802 DEBUG Initializing HTTP session.
2025-06-13 20:41:45,804 DEBUG Starting new HTTPS connection (1): api.bybit.com:443
2025-06-13 20:41:45,987 DEBUG https://api.bybit.com:443 "GET /v5/market/tickers?category=linear&symbol=DOTUSDT HTTP/1.1" 200 718
2025-06-13 20:41:46,185 DEBUG https://api.bybit.com:443 "GET /v5/account/wallet-balance?accountType=UNIFIED&coin=USDT HTTP/1.1" 200 791
2025-06-13 20:41:46,383 DEBUG https://api.bybit.com:443 "POST /v5/order/create HTTP/1.1" 200 131
2025-06-17 17:05:12,417 DEBUG Initializing HTTP session.
2025-06-17 17:05:12,420 DEBUG Starting new HTTPS connection (1): api.bybit.com:443
2025-06-17 17:05:12,922 DEBUG https://api.bybit.com:443 "GET /v5/market/tickers?category=linear&symbol=ETCUSDT HTTP/1.1" 200 714
2025-06-17 17:05:13,102 DEBUG https://api.bybit.com:443 "GET /v5/account/wallet-balance?accountType=UNIFIED&coin=USDT HTTP/1.1" 200 791
2025-06-17 17:05:13,279 DEBUG https://api.bybit.com:443 "POST /v5/order/create HTTP/1.1" 200 131
2025-06-23 18:08:10,783 DEBUG Initializing HTTP session.
2025-06-23 18:08:10,786 DEBUG Starting new HTTPS connection (1): api.bybit.com:443
2025-06-23 18:08:10,962 DEBUG https://api.bybit.com:443 "GET /v5/market/tickers?category=linear&symbol=SOLUSDT HTTP/1.1" 200 729
2025-06-23 18:08:11,481 DEBUG https://api.bybit.com:443 "GET /v5/account/wallet-balance?accountType=UNIFIED&coin=USDT HTTP/1.1" 200 791
2025-06-23 18:08:12,054 DEBUG https://api.bybit.com:443 "POST /v5/order/create HTTP/1.1" 200 137
2025-06-25 10:48:31,446 DEBUG Initializing HTTP session.
2025-06-25 10:48:31,448 DEBUG Starting new HTTPS connection (1): api.bybit.com:443
2025-06-25 10:48:31,621 DEBUG https://api.bybit.com:443 "GET /v5/market/tickers?category=linear&symbol=ATOMUSDT HTTP/1.1" 200 710
2025-06-25 10:48:31,818 DEBUG https://api.bybit.com:443 "GET /v5/account/wallet-balance?accountType=UNIFIED&coin=USDT HTTP/1.1" 200 791
2025-06-25 10:48:32,008 DEBUG https://api.bybit.com:443 "POST /v5/order/create HTTP/1.1" 200 131
