2025-04-22 08:21:52,644 DEBUG Initializing HTTP session.
2025-04-22 08:21:52,647 DEBUG Starting new HTTPS connection (1): api.bybit.com:443
2025-04-22 08:21:52,998 DEBUG https://api.bybit.com:443 "GET /v5/market/tickers?category=linear&symbol=MANAUSDT HTTP/1.1" 200 719
2025-04-22 08:21:53,243 DEBUG https://api.bybit.com:443 "GET /v5/account/wallet-balance?accountType=UNIFIED&coin=USDT HTTP/1.1" 200 810
2025-04-22 08:21:53,496 DEBUG https://api.bybit.com:443 "POST /v5/order/create HTTP/1.1" 200 141
2025-04-22 08:21:53,738 DEBUG https://api.bybit.com:443 "GET /v5/position/list?category=linear&symbol=MANAUSDT HTTP/1.1" 200 785
2025-04-22 08:21:53,970 DEBUG https://api.bybit.com:443 "POST /v5/position/set-leverage HTTP/1.1" 200 76
2025-04-22 08:21:54,554 DEBUG https://api.bybit.com:443 "GET /v5/order/realtime?category=linear&symbol=MANAUSDT HTTP/1.1" 200 125
2025-04-23 10:08:22,150 DEBUG Initializing HTTP session.
2025-04-23 10:08:22,153 DEBUG Starting new HTTPS connection (1): api.bybit.com:443
2025-04-23 10:08:22,332 DEBUG https://api.bybit.com:443 "GET /v5/market/tickers?category=linear&symbol=DOTUSDT HTTP/1.1" 200 712
2025-04-23 10:08:22,503 DEBUG https://api.bybit.com:443 "GET /v5/account/wallet-balance?accountType=UNIFIED&coin=USDT HTTP/1.1" 200 809
2025-04-23 10:08:23,031 DEBUG https://api.bybit.com:443 "POST /v5/order/create HTTP/1.1" 200 141
2025-04-23 10:08:23,496 DEBUG https://api.bybit.com:443 "GET /v5/order/realtime?category=linear&symbol=DOTUSDT HTTP/1.1" 200 125
2025-04-26 11:53:17,926 DEBUG Initializing HTTP session.
2025-04-26 11:53:17,929 DEBUG Starting new HTTPS connection (1): api.bybit.com:443
2025-04-26 11:53:18,129 DEBUG https://api.bybit.com:443 "GET /v5/market/tickers?category=linear&symbol=AAVEUSDT HTTP/1.1" 200 715
2025-04-26 11:53:18,312 DEBUG https://api.bybit.com:443 "GET /v5/account/wallet-balance?accountType=UNIFIED&coin=USDT HTTP/1.1" 200 847
2025-04-26 11:53:18,516 DEBUG https://api.bybit.com:443 "POST /v5/order/create HTTP/1.1" 200 141
2025-04-26 11:53:19,051 DEBUG https://api.bybit.com:443 "GET /v5/position/list?category=linear&symbol=AAVEUSDT HTTP/1.1" 200 787
2025-04-26 11:53:19,571 DEBUG https://api.bybit.com:443 "GET /v5/order/realtime?category=linear&symbol=AAVEUSDT HTTP/1.1" 200 1999
2025-04-28 13:37:48,268 DEBUG Initializing HTTP session.
2025-04-28 13:37:48,270 DEBUG Starting new HTTPS connection (1): api.bybit.com:443
2025-04-28 13:37:48,469 DEBUG https://api.bybit.com:443 "GET /v5/market/tickers?category=linear&symbol=AVAXUSDT HTTP/1.1" 200 711
2025-04-28 13:37:48,663 DEBUG https://api.bybit.com:443 "GET /v5/account/wallet-balance?accountType=UNIFIED&coin=USDT HTTP/1.1" 200 804
2025-04-28 13:37:48,837 DEBUG https://api.bybit.com:443 "POST /v5/order/create HTTP/1.1" 200 141
2025-04-28 13:37:49,022 DEBUG https://api.bybit.com:443 "GET /v5/position/list?category=linear&symbol=AVAXUSDT HTTP/1.1" 200 866
2025-04-28 13:37:49,184 DEBUG https://api.bybit.com:443 "GET /v5/order/realtime?category=linear&symbol=AVAXUSDT HTTP/1.1" 200 None
2025-04-29 06:25:56,027 DEBUG Initializing HTTP session.
2025-04-29 06:25:56,030 DEBUG Starting new HTTPS connection (1): api.bybit.com:443
2025-04-29 06:25:56,241 DEBUG https://api.bybit.com:443 "GET /v5/market/tickers?category=linear&symbol=AVAXUSDT HTTP/1.1" 200 710
2025-04-29 06:25:56,401 DEBUG https://api.bybit.com:443 "GET /v5/account/wallet-balance?accountType=UNIFIED&coin=USDT HTTP/1.1" 200 810
2025-04-29 06:25:56,837 DEBUG https://api.bybit.com:443 "POST /v5/order/create HTTP/1.1" 200 141
2025-04-29 06:25:56,997 DEBUG https://api.bybit.com:443 "GET /v5/position/list?category=linear&symbol=AVAXUSDT HTTP/1.1" 200 867
2025-04-29 06:25:57,156 DEBUG https://api.bybit.com:443 "GET /v5/order/realtime?category=linear&symbol=AVAXUSDT HTTP/1.1" 200 None
2025-04-30 08:21:05,502 DEBUG Initializing HTTP session.
2025-04-30 08:21:05,504 DEBUG Starting new HTTPS connection (1): api.bybit.com:443
2025-04-30 08:21:05,684 DEBUG https://api.bybit.com:443 "GET /v5/market/tickers?category=linear&symbol=DOTUSDT HTTP/1.1" 200 715
2025-04-30 08:21:05,876 DEBUG https://api.bybit.com:443 "GET /v5/account/wallet-balance?accountType=UNIFIED&coin=USDT HTTP/1.1" 200 880
2025-04-30 08:21:06,048 DEBUG https://api.bybit.com:443 "POST /v5/order/create HTTP/1.1" 200 141
2025-04-30 08:21:06,553 DEBUG https://api.bybit.com:443 "GET /v5/position/list?category=linear&symbol=DOTUSDT HTTP/1.1" 200 862
2025-04-30 08:21:07,022 DEBUG https://api.bybit.com:443 "GET /v5/order/realtime?category=linear&symbol=DOTUSDT HTTP/1.1" 200 2021
2025-05-01 06:44:05,644 DEBUG Initializing HTTP session.
2025-05-01 06:44:05,647 DEBUG Starting new HTTPS connection (1): api.bybit.com:443
2025-05-01 06:44:05,838 DEBUG https://api.bybit.com:443 "GET /v5/market/tickers?category=linear&symbol=TONUSDT HTTP/1.1" 200 714
2025-05-01 06:44:06,337 DEBUG https://api.bybit.com:443 "GET /v5/account/wallet-balance?accountType=UNIFIED&coin=USDT HTTP/1.1" 200 878
2025-05-01 06:44:06,516 DEBUG https://api.bybit.com:443 "POST /v5/order/create HTTP/1.1" 200 141
2025-05-01 06:44:06,689 DEBUG https://api.bybit.com:443 "GET /v5/position/list?category=linear&symbol=TONUSDT HTTP/1.1" 200 860
2025-05-01 06:44:06,867 DEBUG https://api.bybit.com:443 "GET /v5/order/realtime?category=linear&symbol=TONUSDT HTTP/1.1" 200 2947
2025-05-04 08:39:17,318 DEBUG Initializing HTTP session.
2025-05-04 08:39:17,321 DEBUG Starting new HTTPS connection (1): api.bybit.com:443
2025-05-04 08:39:17,502 DEBUG https://api.bybit.com:443 "GET /v5/market/tickers?category=linear&symbol=HBARUSDT HTTP/1.1" 200 723
2025-05-04 08:39:18,053 DEBUG https://api.bybit.com:443 "GET /v5/account/wallet-balance?accountType=UNIFIED&coin=USDT HTTP/1.1" 200 810
2025-05-04 08:39:18,244 DEBUG https://api.bybit.com:443 "POST /v5/order/create HTTP/1.1" 200 141
2025-05-04 08:39:18,429 DEBUG https://api.bybit.com:443 "GET /v5/position/list?category=linear&symbol=HBARUSDT HTTP/1.1" 200 865
2025-05-04 08:39:18,902 DEBUG https://api.bybit.com:443 "GET /v5/order/realtime?category=linear&symbol=HBARUSDT HTTP/1.1" 200 2960
2025-05-05 10:41:39,241 DEBUG Initializing HTTP session.
2025-05-05 10:41:39,243 DEBUG Starting new HTTPS connection (1): api.bybit.com:443
2025-05-05 10:41:39,430 DEBUG https://api.bybit.com:443 "GET /v5/market/tickers?category=linear&symbol=ATOMUSDT HTTP/1.1" 200 712
2025-05-05 10:41:39,971 DEBUG https://api.bybit.com:443 "GET /v5/account/wallet-balance?accountType=UNIFIED&coin=USDT HTTP/1.1" 200 810
2025-05-05 10:41:40,156 DEBUG https://api.bybit.com:443 "POST /v5/order/create HTTP/1.1" 200 141
2025-05-05 10:41:40,315 DEBUG https://api.bybit.com:443 "GET /v5/position/list?category=linear&symbol=ATOMUSDT HTTP/1.1" 200 851
2025-05-05 10:41:40,481 DEBUG https://api.bybit.com:443 "GET /v5/order/realtime?category=linear&symbol=ATOMUSDT HTTP/1.1" 200 2012
2025-05-07 18:34:34,752 DEBUG Initializing HTTP session.
2025-05-07 18:34:34,754 DEBUG Starting new HTTPS connection (1): api.bybit.com:443
2025-05-07 18:34:34,947 DEBUG https://api.bybit.com:443 "GET /v5/market/tickers?category=linear&symbol=AVAXUSDT HTTP/1.1" 200 717
2025-05-07 18:34:35,480 DEBUG https://api.bybit.com:443 "GET /v5/account/wallet-balance?accountType=UNIFIED&coin=USDT HTTP/1.1" 200 808
2025-05-07 18:34:35,649 DEBUG https://api.bybit.com:443 "POST /v5/order/create HTTP/1.1" 200 139
2025-05-07 18:44:04,128 DEBUG Initializing HTTP session.
2025-05-07 18:44:04,133 DEBUG Starting new HTTPS connection (1): api.bybit.com:443
2025-05-07 18:44:04,339 DEBUG https://api.bybit.com:443 "GET /v5/market/tickers?category=linear&symbol=AVAXUSDT HTTP/1.1" 200 716
2025-05-07 18:44:04,520 DEBUG https://api.bybit.com:443 "GET /v5/account/wallet-balance?accountType=UNIFIED&coin=USDT HTTP/1.1" 200 877
2025-05-07 18:44:04,707 DEBUG https://api.bybit.com:443 "POST /v5/order/create HTTP/1.1" 200 141
2025-05-07 18:44:04,893 DEBUG https://api.bybit.com:443 "GET /v5/position/list?category=linear&symbol=AVAXUSDT HTTP/1.1" 200 874
2025-05-07 18:44:05,354 DEBUG https://api.bybit.com:443 "GET /v5/order/realtime?category=linear&symbol=AVAXUSDT HTTP/1.1" 200 2895
2025-05-08 20:43:26,404 DEBUG Initializing HTTP session.
2025-05-08 20:43:26,406 DEBUG Starting new HTTPS connection (1): api.bybit.com:443
2025-05-08 20:43:26,602 DEBUG https://api.bybit.com:443 "GET /v5/market/tickers?category=linear&symbol=AVAXUSDT HTTP/1.1" 200 710
2025-05-08 20:43:26,772 DEBUG https://api.bybit.com:443 "GET /v5/account/wallet-balance?accountType=UNIFIED&coin=USDT HTTP/1.1" 200 810
2025-05-08 20:43:26,953 DEBUG https://api.bybit.com:443 "POST /v5/order/create HTTP/1.1" 200 141
2025-05-08 20:43:27,126 DEBUG https://api.bybit.com:443 "GET /v5/position/list?category=linear&symbol=AVAXUSDT HTTP/1.1" 200 797
2025-05-08 20:43:27,316 DEBUG https://api.bybit.com:443 "GET /v5/order/realtime?category=linear&symbol=AVAXUSDT HTTP/1.1" 200 None
2025-05-11 10:27:50,345 DEBUG Initializing HTTP session.
2025-05-11 10:27:50,348 DEBUG Starting new HTTPS connection (1): api.bybit.com:443
2025-05-11 10:27:50,536 DEBUG https://api.bybit.com:443 "GET /v5/market/tickers?category=linear&symbol=ATOMUSDT HTTP/1.1" 200 706
2025-05-11 10:27:50,729 DEBUG https://api.bybit.com:443 "GET /v5/account/wallet-balance?accountType=UNIFIED&coin=USDT HTTP/1.1" 200 805
2025-05-11 10:27:50,911 DEBUG https://api.bybit.com:443 "POST /v5/order/create HTTP/1.1" 200 141
2025-05-11 10:27:51,091 DEBUG https://api.bybit.com:443 "GET /v5/position/list?category=linear&symbol=ATOMUSDT HTTP/1.1" 200 843
2025-05-11 10:27:51,262 DEBUG https://api.bybit.com:443 "GET /v5/order/realtime?category=linear&symbol=ATOMUSDT HTTP/1.1" 200 2940
2025-05-13 12:10:14,176 DEBUG Initializing HTTP session.
2025-05-13 12:10:14,179 DEBUG Starting new HTTPS connection (1): api.bybit.com:443
2025-05-13 12:10:14,430 DEBUG https://api.bybit.com:443 "GET /v5/market/tickers?category=linear&symbol=DOTUSDT HTTP/1.1" 200 713
2025-05-13 12:10:14,634 DEBUG https://api.bybit.com:443 "GET /v5/account/wallet-balance?accountType=UNIFIED&coin=USDT HTTP/1.1" 200 877
2025-05-13 12:10:14,850 DEBUG https://api.bybit.com:443 "POST /v5/order/create HTTP/1.1" 200 141
2025-05-13 12:10:15,055 DEBUG https://api.bybit.com:443 "GET /v5/position/list?category=linear&symbol=DOTUSDT HTTP/1.1" 200 865
2025-05-13 12:10:15,252 DEBUG https://api.bybit.com:443 "GET /v5/order/realtime?category=linear&symbol=DOTUSDT HTTP/1.1" 200 None
2025-05-15 07:20:36,177 DEBUG Initializing HTTP session.
2025-05-15 07:20:36,179 DEBUG Starting new HTTPS connection (1): api.bybit.com:443
2025-05-15 07:20:36,421 DEBUG https://api.bybit.com:443 "GET /v5/market/tickers?category=linear&symbol=SUIUSDT HTTP/1.1" 200 727
2025-05-15 07:20:36,619 DEBUG https://api.bybit.com:443 "GET /v5/account/wallet-balance?accountType=UNIFIED&coin=USDT HTTP/1.1" 200 886
2025-05-15 07:20:36,821 DEBUG https://api.bybit.com:443 "POST /v5/order/create HTTP/1.1" 200 141
2025-05-15 07:20:37,021 DEBUG https://api.bybit.com:443 "GET /v5/position/list?category=linear&symbol=SUIUSDT HTTP/1.1" 200 861
2025-05-15 07:20:37,198 DEBUG https://api.bybit.com:443 "POST /v5/position/set-leverage HTTP/1.1" 200 76
2025-05-15 07:20:37,394 DEBUG https://api.bybit.com:443 "GET /v5/order/realtime?category=linear&symbol=SUIUSDT HTTP/1.1" 200 None
2025-05-16 20:37:45,567 DEBUG Initializing HTTP session.
2025-05-16 20:37:45,569 DEBUG Starting new HTTPS connection (1): api.bybit.com:443
2025-05-16 20:37:45,750 DEBUG https://api.bybit.com:443 "GET /v5/market/tickers?category=linear&symbol=XRPUSDT HTTP/1.1" 200 718
2025-05-16 20:37:45,931 DEBUG https://api.bybit.com:443 "GET /v5/account/wallet-balance?accountType=UNIFIED&coin=USDT HTTP/1.1" 200 880
2025-05-16 20:37:46,115 DEBUG https://api.bybit.com:443 "POST /v5/order/create HTTP/1.1" 200 141
2025-05-16 20:37:46,311 DEBUG https://api.bybit.com:443 "GET /v5/position/list?category=linear&symbol=XRPUSDT HTTP/1.1" 200 860
2025-05-16 20:37:46,482 DEBUG https://api.bybit.com:443 "POST /v5/position/set-leverage HTTP/1.1" 200 76
2025-05-16 20:37:46,659 DEBUG https://api.bybit.com:443 "GET /v5/order/realtime?category=linear&symbol=XRPUSDT HTTP/1.1" 200 2021
2025-05-17 13:11:12,961 DEBUG Initializing HTTP session.
2025-05-17 13:11:12,964 DEBUG Starting new HTTPS connection (1): api.bybit.com:443
2025-05-17 13:11:13,150 DEBUG https://api.bybit.com:443 "GET /v5/market/tickers?category=linear&symbol=ATOMUSDT HTTP/1.1" 200 710
2025-05-17 13:11:13,656 DEBUG https://api.bybit.com:443 "GET /v5/account/wallet-balance?accountType=UNIFIED&coin=USDT HTTP/1.1" 200 881
2025-05-17 13:11:14,158 DEBUG https://api.bybit.com:443 "POST /v5/order/create HTTP/1.1" 200 141
2025-05-17 13:11:14,329 DEBUG https://api.bybit.com:443 "GET /v5/position/list?category=linear&symbol=ATOMUSDT HTTP/1.1" 200 855
2025-05-17 13:11:14,854 DEBUG https://api.bybit.com:443 "GET /v5/order/realtime?category=linear&symbol=ATOMUSDT HTTP/1.1" 200 2018
2025-05-19 10:07:14,998 DEBUG Initializing HTTP session.
2025-05-19 10:07:15,001 DEBUG Starting new HTTPS connection (1): api.bybit.com:443
2025-05-19 10:07:15,483 DEBUG https://api.bybit.com:443 "GET /v5/market/tickers?category=linear&symbol=ATOMUSDT HTTP/1.1" 200 706
2025-05-19 10:07:15,986 DEBUG https://api.bybit.com:443 "GET /v5/account/wallet-balance?accountType=UNIFIED&coin=USDT HTTP/1.1" 200 812
2025-05-19 10:07:16,465 DEBUG https://api.bybit.com:443 "POST /v5/order/create HTTP/1.1" 200 141
2025-05-19 10:07:16,632 DEBUG https://api.bybit.com:443 "GET /v5/position/list?category=linear&symbol=ATOMUSDT HTTP/1.1" 200 863
2025-05-19 10:07:17,172 DEBUG https://api.bybit.com:443 "GET /v5/order/realtime?category=linear&symbol=ATOMUSDT HTTP/1.1" 200 2950
2025-05-24 13:08:21,601 DEBUG Initializing HTTP session.
2025-05-24 13:08:21,604 DEBUG Starting new HTTPS connection (1): api.bybit.com:443
2025-05-24 13:08:21,773 DEBUG https://api.bybit.com:443 "GET /v5/market/tickers?category=linear&symbol=DOTUSDT HTTP/1.1" 200 713
2025-05-24 13:08:21,955 DEBUG https://api.bybit.com:443 "GET /v5/account/wallet-balance?accountType=UNIFIED&coin=USDT HTTP/1.1" 200 875
2025-05-24 13:08:22,151 DEBUG https://api.bybit.com:443 "POST /v5/order/create HTTP/1.1" 200 141
2025-05-24 13:08:22,336 DEBUG https://api.bybit.com:443 "GET /v5/position/list?category=linear&symbol=DOTUSDT HTTP/1.1" 200 869
2025-05-24 13:08:22,528 DEBUG https://api.bybit.com:443 "POST /v5/position/set-leverage HTTP/1.1" 200 76
2025-05-24 13:08:22,715 DEBUG https://api.bybit.com:443 "GET /v5/order/realtime?category=linear&symbol=DOTUSDT HTTP/1.1" 200 2011
2025-06-08 08:53:27,830 DEBUG Initializing HTTP session.
2025-06-08 08:53:27,833 DEBUG Starting new HTTPS connection (1): api.bybit.com:443
2025-06-08 08:53:28,018 DEBUG https://api.bybit.com:443 "GET /v5/market/tickers?category=linear&symbol=COTIUSDT HTTP/1.1" 200 716
2025-06-08 08:53:28,220 DEBUG https://api.bybit.com:443 "GET /v5/account/wallet-balance?accountType=UNIFIED&coin=USDT HTTP/1.1" 200 812
2025-06-08 08:53:28,425 DEBUG https://api.bybit.com:443 "POST /v5/order/create HTTP/1.1" 200 141
2025-06-08 08:53:28,622 DEBUG https://api.bybit.com:443 "GET /v5/position/list?category=linear&symbol=COTIUSDT HTTP/1.1" 200 867
2025-06-08 08:53:28,819 DEBUG https://api.bybit.com:443 "GET /v5/order/realtime?category=linear&symbol=COTIUSDT HTTP/1.1" 200 None
2025-06-09 11:27:00,604 DEBUG Initializing HTTP session.
2025-06-09 11:27:00,606 DEBUG Starting new HTTPS connection (1): api.bybit.com:443
2025-06-09 11:27:00,780 DEBUG https://api.bybit.com:443 "GET /v5/market/tickers?category=linear&symbol=HBARUSDT HTTP/1.1" 200 728
2025-06-09 11:27:00,951 DEBUG https://api.bybit.com:443 "GET /v5/account/wallet-balance?accountType=UNIFIED&coin=USDT HTTP/1.1" 200 812
2025-06-09 11:27:01,124 DEBUG https://api.bybit.com:443 "POST /v5/order/create HTTP/1.1" 200 141
2025-06-09 11:27:01,307 DEBUG https://api.bybit.com:443 "GET /v5/position/list?category=linear&symbol=HBARUSDT HTTP/1.1" 200 870
2025-06-09 11:27:01,478 DEBUG https://api.bybit.com:443 "GET /v5/order/realtime?category=linear&symbol=HBARUSDT HTTP/1.1" 200 None
2025-06-11 20:20:00,285 DEBUG Initializing HTTP session.
2025-06-11 20:20:00,288 DEBUG Starting new HTTPS connection (1): api.bybit.com:443
2025-06-11 20:20:00,456 DEBUG https://api.bybit.com:443 "GET /v5/market/tickers?category=linear&symbol=AVAXUSDT HTTP/1.1" 200 713
2025-06-11 20:20:00,626 DEBUG https://api.bybit.com:443 "GET /v5/account/wallet-balance?accountType=UNIFIED&coin=USDT HTTP/1.1" 200 812
2025-06-11 20:20:00,810 DEBUG https://api.bybit.com:443 "POST /v5/order/create HTTP/1.1" 200 141
2025-06-11 20:20:00,998 DEBUG https://api.bybit.com:443 "GET /v5/position/list?category=linear&symbol=AVAXUSDT HTTP/1.1" 200 798
2025-06-11 20:20:01,183 DEBUG https://api.bybit.com:443 "GET /v5/order/realtime?category=linear&symbol=AVAXUSDT HTTP/1.1" 200 1119
2025-06-13 20:41:43,552 DEBUG Initializing HTTP session.
2025-06-13 20:41:43,555 DEBUG Starting new HTTPS connection (1): api.bybit.com:443
2025-06-13 20:41:43,745 DEBUG https://api.bybit.com:443 "GET /v5/market/tickers?category=linear&symbol=DOTUSDT HTTP/1.1" 200 717
2025-06-13 20:41:43,926 DEBUG https://api.bybit.com:443 "GET /v5/account/wallet-balance?accountType=UNIFIED&coin=USDT HTTP/1.1" 200 880
2025-06-13 20:41:44,116 DEBUG https://api.bybit.com:443 "POST /v5/order/create HTTP/1.1" 200 141
2025-06-13 20:41:44,291 DEBUG https://api.bybit.com:443 "GET /v5/position/list?category=linear&symbol=DOTUSDT HTTP/1.1" 200 797
2025-06-13 20:41:44,478 DEBUG https://api.bybit.com:443 "POST /v5/position/set-leverage HTTP/1.1" 200 76
2025-06-13 20:41:44,654 DEBUG https://api.bybit.com:443 "GET /v5/order/realtime?category=linear&symbol=DOTUSDT HTTP/1.1" 200 1116
2025-06-17 17:05:10,598 DEBUG Initializing HTTP session.
2025-06-17 17:05:10,601 DEBUG Starting new HTTPS connection (1): api.bybit.com:443
2025-06-17 17:05:10,770 DEBUG https://api.bybit.com:443 "GET /v5/market/tickers?category=linear&symbol=ETCUSDT HTTP/1.1" 200 714
2025-06-17 17:05:11,278 DEBUG https://api.bybit.com:443 "GET /v5/account/wallet-balance?accountType=UNIFIED&coin=USDT HTTP/1.1" 200 804
2025-06-17 17:05:11,466 DEBUG https://api.bybit.com:443 "POST /v5/order/create HTTP/1.1" 200 114
2025-06-23 18:08:09,250 DEBUG Initializing HTTP session.
2025-06-23 18:08:09,252 DEBUG Starting new HTTPS connection (1): api.bybit.com:443
2025-06-23 18:08:09,438 DEBUG https://api.bybit.com:443 "GET /v5/market/tickers?category=linear&symbol=SOLUSDT HTTP/1.1" 200 729
2025-06-23 18:08:09,629 DEBUG https://api.bybit.com:443 "GET /v5/account/wallet-balance?accountType=UNIFIED&coin=USDT HTTP/1.1" 200 874
2025-06-23 18:08:09,827 DEBUG https://api.bybit.com:443 "POST /v5/order/create HTTP/1.1" 200 137
2025-06-25 10:48:29,977 DEBUG Initializing HTTP session.
2025-06-25 10:48:29,980 DEBUG Starting new HTTPS connection (1): api.bybit.com:443
2025-06-25 10:48:30,160 DEBUG https://api.bybit.com:443 "GET /v5/market/tickers?category=linear&symbol=ATOMUSDT HTTP/1.1" 200 710
2025-06-25 10:48:30,337 DEBUG https://api.bybit.com:443 "GET /v5/account/wallet-balance?accountType=UNIFIED&coin=USDT HTTP/1.1" 200 804
2025-06-25 10:48:30,546 DEBUG https://api.bybit.com:443 "POST /v5/order/create HTTP/1.1" 200 114
