2025-05-07 18:34:42,425 DEBUG Initializing HTTP session.
2025-05-07 18:34:42,427 DEBUG Starting new HTTPS connection (1): api.bybit.com:443
2025-05-07 18:34:42,627 DEBUG https://api.bybit.com:443 "GET /v5/market/tickers?category=linear&symbol=AVAXUSDT HTTP/1.1" 200 716
2025-05-07 18:34:42,815 DEBUG https://api.bybit.com:443 "GET /v5/account/wallet-balance?accountType=UNIFIED&coin=USDT HTTP/1.1" 200 803
2025-05-07 18:34:43,015 DEBUG https://api.bybit.com:443 "POST /v5/order/create HTTP/1.1" 200 139
2025-05-07 18:44:14,653 DEBUG Initializing HTTP session.
2025-05-07 18:44:14,655 DEBUG Starting new HTTPS connection (1): api.bybit.com:443
2025-05-07 18:44:14,864 DEBUG https://api.bybit.com:443 "GET /v5/market/tickers?category=linear&symbol=AVAXUSDT HTTP/1.1" 200 715
2025-05-07 18:44:15,048 DEBUG https://api.bybit.com:443 "GET /v5/account/wallet-balance?accountType=UNIFIED&coin=USDT HTTP/1.1" 200 803
2025-05-07 18:44:15,233 DEBUG https://api.bybit.com:443 "POST /v5/order/create HTTP/1.1" 200 141
2025-05-07 18:44:15,427 DEBUG https://api.bybit.com:443 "GET /v5/position/list?category=linear&symbol=AVAXUSDT HTTP/1.1" 200 787
2025-05-07 18:44:15,609 DEBUG https://api.bybit.com:443 "POST /v5/position/set-leverage HTTP/1.1" 200 76
2025-05-07 18:44:15,793 DEBUG https://api.bybit.com:443 "GET /v5/order/realtime?category=linear&symbol=AVAXUSDT HTTP/1.1" 200 1115
2025-05-08 20:43:36,008 DEBUG Initializing HTTP session.
2025-05-08 20:43:36,011 DEBUG Starting new HTTPS connection (1): api.bybit.com:443
2025-05-08 20:43:36,213 DEBUG https://api.bybit.com:443 "GET /v5/market/tickers?category=linear&symbol=AVAXUSDT HTTP/1.1" 200 712
2025-05-08 20:43:36,412 DEBUG https://api.bybit.com:443 "GET /v5/account/wallet-balance?accountType=UNIFIED&coin=USDT HTTP/1.1" 200 802
2025-05-08 20:43:36,954 DEBUG https://api.bybit.com:443 "POST /v5/order/create HTTP/1.1" 200 141
2025-05-08 20:43:37,142 DEBUG https://api.bybit.com:443 "GET /v5/position/list?category=linear&symbol=AVAXUSDT HTTP/1.1" 200 855
2025-05-08 20:43:37,331 DEBUG https://api.bybit.com:443 "GET /v5/order/realtime?category=linear&symbol=AVAXUSDT HTTP/1.1" 200 2017
2025-05-11 10:28:00,363 DEBUG Initializing HTTP session.
2025-05-11 10:28:00,367 DEBUG Starting new HTTPS connection (1): api.bybit.com:443
2025-05-11 10:28:00,567 DEBUG https://api.bybit.com:443 "GET /v5/market/tickers?category=linear&symbol=ATOMUSDT HTTP/1.1" 200 703
2025-05-11 10:28:00,750 DEBUG https://api.bybit.com:443 "GET /v5/account/wallet-balance?accountType=UNIFIED&coin=USDT HTTP/1.1" 200 797
2025-05-11 10:28:01,236 DEBUG https://api.bybit.com:443 "POST /v5/order/create HTTP/1.1" 200 141
2025-05-11 10:28:01,422 DEBUG https://api.bybit.com:443 "GET /v5/position/list?category=linear&symbol=ATOMUSDT HTTP/1.1" 200 853
2025-05-11 10:28:01,898 DEBUG https://api.bybit.com:443 "POST /v5/position/set-leverage HTTP/1.1" 200 76
2025-05-11 10:28:02,069 DEBUG https://api.bybit.com:443 "GET /v5/order/realtime?category=linear&symbol=ATOMUSDT HTTP/1.1" 200 2015
2025-05-13 12:10:24,643 DEBUG Initializing HTTP session.
2025-05-13 12:10:24,645 DEBUG Starting new HTTPS connection (1): api.bybit.com:443
2025-05-13 12:10:24,887 DEBUG https://api.bybit.com:443 "GET /v5/market/tickers?category=linear&symbol=DOTUSDT HTTP/1.1" 200 712
2025-05-13 12:10:25,096 DEBUG https://api.bybit.com:443 "GET /v5/account/wallet-balance?accountType=UNIFIED&coin=USDT HTTP/1.1" 200 801
2025-05-13 12:10:25,313 DEBUG https://api.bybit.com:443 "POST /v5/order/create HTTP/1.1" 200 141
2025-05-13 12:10:25,502 DEBUG https://api.bybit.com:443 "GET /v5/position/list?category=linear&symbol=DOTUSDT HTTP/1.1" 200 785
2025-05-13 12:10:25,691 DEBUG https://api.bybit.com:443 "POST /v5/position/set-leverage HTTP/1.1" 200 76
2025-05-13 12:10:25,893 DEBUG https://api.bybit.com:443 "GET /v5/order/realtime?category=linear&symbol=DOTUSDT HTTP/1.1" 200 None
2025-05-15 07:20:45,888 DEBUG Initializing HTTP session.
2025-05-15 07:20:45,891 DEBUG Starting new HTTPS connection (1): api.bybit.com:443
2025-05-15 07:20:46,133 DEBUG https://api.bybit.com:443 "GET /v5/market/tickers?category=linear&symbol=SUIUSDT HTTP/1.1" 200 726
2025-05-15 07:20:46,625 DEBUG https://api.bybit.com:443 "GET /v5/account/wallet-balance?accountType=UNIFIED&coin=USDT HTTP/1.1" 200 789
2025-05-15 07:20:46,828 DEBUG https://api.bybit.com:443 "POST /v5/order/create HTTP/1.1" 200 131
2025-05-16 20:37:55,501 DEBUG Initializing HTTP session.
2025-05-16 20:37:55,503 DEBUG Starting new HTTPS connection (1): api.bybit.com:443
2025-05-16 20:37:55,693 DEBUG https://api.bybit.com:443 "GET /v5/market/tickers?category=linear&symbol=XRPUSDT HTTP/1.1" 200 718
2025-05-16 20:37:55,895 DEBUG https://api.bybit.com:443 "GET /v5/account/wallet-balance?accountType=UNIFIED&coin=USDT HTTP/1.1" 200 789
2025-05-16 20:37:56,081 DEBUG https://api.bybit.com:443 "POST /v5/order/create HTTP/1.1" 200 131
2025-05-17 13:11:24,730 DEBUG Initializing HTTP session.
2025-05-17 13:11:24,732 DEBUG Starting new HTTPS connection (1): api.bybit.com:443
2025-05-17 13:11:24,911 DEBUG https://api.bybit.com:443 "GET /v5/market/tickers?category=linear&symbol=ATOMUSDT HTTP/1.1" 200 710
2025-05-17 13:11:25,422 DEBUG https://api.bybit.com:443 "GET /v5/account/wallet-balance?accountType=UNIFIED&coin=USDT HTTP/1.1" 200 789
2025-05-17 13:11:25,593 DEBUG https://api.bybit.com:443 "POST /v5/order/create HTTP/1.1" 200 131
2025-05-19 10:07:28,096 DEBUG Initializing HTTP session.
2025-05-19 10:07:28,098 DEBUG Starting new HTTPS connection (1): api.bybit.com:443
2025-05-19 10:07:28,296 DEBUG https://api.bybit.com:443 "GET /v5/market/tickers?category=linear&symbol=ATOMUSDT HTTP/1.1" 200 709
2025-05-19 10:07:28,478 DEBUG https://api.bybit.com:443 "GET /v5/account/wallet-balance?accountType=UNIFIED&coin=USDT HTTP/1.1" 200 789
2025-05-19 10:07:28,672 DEBUG https://api.bybit.com:443 "POST /v5/order/create HTTP/1.1" 200 131
2025-05-24 13:08:33,367 DEBUG Initializing HTTP session.
2025-05-24 13:08:33,371 DEBUG Starting new HTTPS connection (1): api.bybit.com:443
2025-05-24 13:08:33,551 DEBUG https://api.bybit.com:443 "GET /v5/market/tickers?category=linear&symbol=DOTUSDT HTTP/1.1" 200 710
2025-05-24 13:08:33,755 DEBUG https://api.bybit.com:443 "GET /v5/account/wallet-balance?accountType=UNIFIED&coin=USDT HTTP/1.1" 200 789
2025-05-24 13:08:33,969 DEBUG https://api.bybit.com:443 "POST /v5/order/create HTTP/1.1" 200 131
2025-06-08 08:53:38,377 DEBUG Initializing HTTP session.
2025-06-08 08:53:38,380 DEBUG Starting new HTTPS connection (1): api.bybit.com:443
2025-06-08 08:53:38,544 DEBUG https://api.bybit.com:443 "GET /v5/market/tickers?category=linear&symbol=COTIUSDT HTTP/1.1" 200 717
2025-06-08 08:53:38,725 DEBUG https://api.bybit.com:443 "GET /v5/account/wallet-balance?accountType=UNIFIED&coin=USDT HTTP/1.1" 200 788
2025-06-08 08:53:38,920 DEBUG https://api.bybit.com:443 "POST /v5/order/create HTTP/1.1" 200 131
2025-06-09 11:27:11,214 DEBUG Initializing HTTP session.
2025-06-09 11:27:11,217 DEBUG Starting new HTTPS connection (1): api.bybit.com:443
2025-06-09 11:27:11,394 DEBUG https://api.bybit.com:443 "GET /v5/market/tickers?category=linear&symbol=HBARUSDT HTTP/1.1" 200 729
2025-06-09 11:27:11,591 DEBUG https://api.bybit.com:443 "GET /v5/account/wallet-balance?accountType=UNIFIED&coin=USDT HTTP/1.1" 200 789
2025-06-09 11:27:11,804 DEBUG https://api.bybit.com:443 "POST /v5/order/create HTTP/1.1" 200 131
2025-06-11 20:20:11,100 DEBUG Initializing HTTP session.
2025-06-11 20:20:11,103 DEBUG Starting new HTTPS connection (1): api.bybit.com:443
2025-06-11 20:20:11,272 DEBUG https://api.bybit.com:443 "GET /v5/market/tickers?category=linear&symbol=AVAXUSDT HTTP/1.1" 200 714
2025-06-11 20:20:11,477 DEBUG https://api.bybit.com:443 "GET /v5/account/wallet-balance?accountType=UNIFIED&coin=USDT HTTP/1.1" 200 789
2025-06-11 20:20:11,668 DEBUG https://api.bybit.com:443 "POST /v5/order/create HTTP/1.1" 200 131
2025-06-13 20:41:55,030 DEBUG Initializing HTTP session.
2025-06-13 20:41:55,032 DEBUG Starting new HTTPS connection (1): api.bybit.com:443
2025-06-13 20:41:55,209 DEBUG https://api.bybit.com:443 "GET /v5/market/tickers?category=linear&symbol=DOTUSDT HTTP/1.1" 200 717
2025-06-13 20:41:55,400 DEBUG https://api.bybit.com:443 "GET /v5/account/wallet-balance?accountType=UNIFIED&coin=USDT HTTP/1.1" 200 789
2025-06-13 20:41:55,604 DEBUG https://api.bybit.com:443 "POST /v5/order/create HTTP/1.1" 200 131
2025-06-17 17:05:23,557 DEBUG Initializing HTTP session.
2025-06-17 17:05:23,560 DEBUG Starting new HTTPS connection (1): api.bybit.com:443
2025-06-17 17:05:23,740 DEBUG https://api.bybit.com:443 "GET /v5/market/tickers?category=linear&symbol=ETCUSDT HTTP/1.1" 200 715
2025-06-17 17:05:23,916 DEBUG https://api.bybit.com:443 "GET /v5/account/wallet-balance?accountType=UNIFIED&coin=USDT HTTP/1.1" 200 789
2025-06-17 17:05:24,129 DEBUG https://api.bybit.com:443 "POST /v5/order/create HTTP/1.1" 200 131
2025-06-23 18:08:14,425 DEBUG Initializing HTTP session.
2025-06-23 18:08:14,428 DEBUG Starting new HTTPS connection (1): api.bybit.com:443
2025-06-23 18:08:14,604 DEBUG https://api.bybit.com:443 "GET /v5/market/tickers?category=linear&symbol=SOLUSDT HTTP/1.1" 200 729
2025-06-23 18:08:14,806 DEBUG https://api.bybit.com:443 "GET /v5/account/wallet-balance?accountType=UNIFIED&coin=USDT HTTP/1.1" 200 789
2025-06-23 18:08:15,019 DEBUG https://api.bybit.com:443 "POST /v5/order/create HTTP/1.1" 200 134
2025-06-25 10:48:34,754 DEBUG Initializing HTTP session.
2025-06-25 10:48:34,756 DEBUG Starting new HTTPS connection (1): api.bybit.com:443
2025-06-25 10:48:34,932 DEBUG https://api.bybit.com:443 "GET /v5/market/tickers?category=linear&symbol=ATOMUSDT HTTP/1.1" 200 711
2025-06-25 10:48:35,129 DEBUG https://api.bybit.com:443 "GET /v5/account/wallet-balance?accountType=UNIFIED&coin=USDT HTTP/1.1" 200 789
2025-06-25 10:48:35,330 DEBUG https://api.bybit.com:443 "POST /v5/order/create HTTP/1.1" 200 128
